<?xml version="1.0" encoding="UTF-8"?>
<!-- Generated by org.testng.reporters.JUnitReportReporter -->
<testsuite hostname="DESKTOP-Q0LKFSM" failures="0" tests="1" name="Stms.Ressource" time="3.456" errors="0" timestamp="20 juil. 2020 12:44:38 GMT" skipped="0">
  <testcase classname="Stms.Ressource" name="Resource" time="3.456"/>
</testsuite> <!-- Stms.Ressource -->
